
          -------------------------------------------------------
          Amber 16 SANDER                              2016
          -------------------------------------------------------

| Run on 07/13/2021 at 13:42:43

|   Executable path: sander.MPI
| Working directory: /scratch/ejm247/PH/a-minimize
|          Hostname: hal0194

  [-O]verwriting output

File Assignments:
|  MDIN: min.mdin                                                              
| MDOUT: a_min.out                                                             
|INPCRD: 2lko.rst7                                                             
|  PARM: 2lko.parm7                                                            
|RESTRT: a_min.rst7                                                            
|  REFC: 2lko.rst7                                                             
| MDVEL: mdvel                                                                 
| MDFRC: mdfrc                                                                 
|  MDEN: mden                                                                  
| MDCRD: a_min.nc                                                              
|MDINFO: mdinfo                                                                
|  MTMD: mtmd                                                                  
|INPDIP: inpdip                                                                
|RSTDIP: rstdip                                                                
|INPTRA: inptraj                                                               

|    REMLOG: rem.log
|   REMTYPE: rem.type
|  REMSTRIP: 
|   SAVEENE: saveene
|CLUSTERINF: cluster.info
| RESERVOIR: reserv/frame
|   REMDDIM: 

 
 Here is the input file:
 
Minimization to prepare for constant pH MD                                     
&cntrl                                                                         
   imin = 1,                   ! Turn on minimization                          
   igb = 2,                    ! Use the GB model CpHMD was parametrized for   
   saltcon = 0.1,              ! Use the salt conc. CpHMD was parametrized for 
   maxcyc = 1000,              ! Total number of minimization cycles           
   icnstph = 1,                ! Turn on constant pH                           
   ntcnstph = 100000,          ! Never attempt to change prot. states          
   cut = 1000.0,               ! No cutoff                                     
   ntr = 0,                    ! Turn off positional restraints                
   restraint_wt = 0,          ! 0 kcal/mol/A**2 restraint force constant       
   restraintmask = '@CA,C,O,N' ! Restraints on the backbone atoms only         
/                                                                              

--------------------------------------------------------------------------------
   1.  RESOURCE   USE: 
--------------------------------------------------------------------------------

| Flags: MPI                                                                    
| New format PARM file being parsed.
| Version =    1.000 Date = 07/13/21 Time = 12:36:17
 NATOM  =    2256 NTYPES =      14 NBONH =    1158 MBONA  =    1122
 NTHETH =    2600 MTHETA =    1510 NPHIH =    5031 MPHIA  =    3799
 NHPARM =       0 NPARM  =       0 NNB   =   12429 NRES   =     138
 NBONA  =    1122 NTHETA =    1510 NPHIA =    3799 NUMBND =      46
 NUMANG =     108 NPTRA  =      42 NATYP =      28 NPHB   =       0
 IFBOX  =       0 NMXRS  =      24 IFCAP =       0 NEXTRA =       0
 NCOPY  =       0

 Implicit solvent radii are H(N)-modified Bondi radii (mbondi2)                                             

|     Memory Use     Allocated
|     Real              204306
|     Hollerith           6908
|     Integer           139885
|     Max Pairs              1
|     nblistReal             0
|     nblist Int             0
|       Total             2169 kbytes

| Note: 1-4 EEL scale factors are being read from the topology file.

| Note: 1-4 VDW scale factors are being read from the topology file.
| Duplicated    0 dihedrals
| Duplicated    0 dihedrals

--------------------------------------------------------------------------------
   2.  CONTROL  DATA  FOR  THE  RUN
--------------------------------------------------------------------------------

default_name                                                                    

General flags:
     imin    =       1, nmropt  =       0

Nature and format of input:
     ntx     =       1, irest   =       0, ntrx    =       1

Nature and format of output:
     ntxo    =       2, ntpr    =      50, ntrx    =       1, ntwr    =       1
     iwrap   =       0, ntwx    =       0, ntwv    =       0, ntwe    =       0
     ioutfm  =       1, ntwprt  =       0, idecomp =       0, rbornstat=      0

Potential function:
     ntf     =       1, ntb     =       0, igb     =       2, nsnb    =      25
     ipol    =       0, gbsa    =       0, iesp    =       0
     dielc   =   1.00000, cut     =1000.00000, intdiel =   1.00000
     saltcon =   0.10000, offset  =   0.09000, gbalpha=    0.80000
     gbbeta  =   0.00000, gbgamma =   2.90912, surften =   0.00500
     rdt     =   0.00000, rgbmax  =  25.00000  extdiel =  78.50000
     alpb  =        0

Frozen or restrained atoms:
     ibelly  =       0, ntr     =       0

Energy minimization:
     maxcyc  =    1000, ncyc    =      10, ntmin   =       1
     dx0     =   0.01000, drms    =   0.00010

Constant pH options:
     ntcnstph =  100000
     solvph =   7.00000

| MPI Timing options:
|      profile_mpi =        0
|reading charge increments from file: 2lko.cpin                                                                                                                                                                                                                                                       
|  INFO: Old style inpcrd file read


--------------------------------------------------------------------------------
   3.  ATOMIC COORDINATES AND VELOCITIES
--------------------------------------------------------------------------------

default_name                                                                    
 begin time read from input coords =     0.000 ps

 Number of triangulated 3-point waters found:        0
|  Atom division among processors:
|         0    2256
|  Running AMBER/MPI version on    1 nodes


--------------------------------------------------------------------------------
   4.  RESULTS
--------------------------------------------------------------------------------



   NSTEP       ENERGY          RMS            GMAX         NAME    NUMBER
      1      -1.3067E+03     2.1055E+01     2.4967E+02     OD1      1944

 BOND    =      795.2169  ANGLE   =      290.7328  DIHED      =     1485.2649
 VDWAALS =      -74.6673  EEL     =    -8906.7955  EGB        =    -3299.3641
 1-4 VDW =      795.7757  1-4 EEL =     7607.0893  RESTRAINT  =        0.0000


   NSTEP       ENERGY          RMS            GMAX         NAME    NUMBER
     50      -3.3591E+03     3.0264E+00     5.3320E+01     C        2254

 BOND    =       97.4464  ANGLE   =      394.0916  DIHED      =     1465.8121
 VDWAALS =     -906.8502  EEL     =    -8870.2448  EGB        =    -3409.4179
 1-4 VDW =      459.6455  1-4 EEL =     7410.4121  RESTRAINT  =        0.0000


   NSTEP       ENERGY          RMS            GMAX         NAME    NUMBER
    100      -3.5604E+03     1.4755E+00     1.9779E+01     C        2254

 BOND    =       87.5759  ANGLE   =      363.9098  DIHED      =     1412.7277
 VDWAALS =     -949.8992  EEL     =    -8914.7135  EGB        =    -3402.2128
 1-4 VDW =      445.0513  1-4 EEL =     7397.1535  RESTRAINT  =        0.0000


   NSTEP       ENERGY          RMS            GMAX         NAME    NUMBER
    150      -3.6533E+03     8.8695E-01     1.0995E+01     SG        591

 BOND    =       85.0504  ANGLE   =      364.1706  DIHED      =     1383.5847
 VDWAALS =     -970.2671  EEL     =    -8936.8007  EGB        =    -3398.3938
 1-4 VDW =      435.6092  1-4 EEL =     7383.7857  RESTRAINT  =        0.0000


   NSTEP       ENERGY          RMS            GMAX         NAME    NUMBER
    200      -3.7111E+03     6.0552E-01     7.1996E+00     SG        591

 BOND    =       84.2315  ANGLE   =      363.0603  DIHED      =     1362.7137
 VDWAALS =     -980.4205  EEL     =    -8949.0271  EGB        =    -3396.4998
 1-4 VDW =      429.7042  1-4 EEL =     7375.1780  RESTRAINT  =        0.0000


   NSTEP       ENERGY          RMS            GMAX         NAME    NUMBER
    250      -3.7557E+03     4.3017E-01     4.5900E+00     CD1       547

 BOND    =       84.2171  ANGLE   =      362.6362  DIHED      =     1347.2031
 VDWAALS =     -987.0619  EEL     =    -8960.9424  EGB        =    -3393.4786
 1-4 VDW =      424.3371  1-4 EEL =     7367.3503  RESTRAINT  =        0.0000


   NSTEP       ENERGY          RMS            GMAX         NAME    NUMBER
    300      -3.8082E+03     3.2728E-01     3.5815E+00     CD1       547

 BOND    =       84.6259  ANGLE   =      364.4562  DIHED      =     1329.9513
 VDWAALS =     -992.3283  EEL     =    -8986.4840  EGB        =    -3382.8758
 1-4 VDW =      417.3058  1-4 EEL =     7357.1325  RESTRAINT  =        0.0000


   NSTEP       ENERGY          RMS            GMAX         NAME    NUMBER
    350      -3.8435E+03     4.4277E-01     6.7166E+00     C        2254

 BOND    =       85.9553  ANGLE   =      364.5637  DIHED      =     1317.6898
 VDWAALS =     -992.2785  EEL     =    -9009.2367  EGB        =    -3370.7045
 1-4 VDW =      412.3203  1-4 EEL =     7348.2372  RESTRAINT  =        0.0000


   NSTEP       ENERGY          RMS            GMAX         NAME    NUMBER
    400      -3.8566E+03     3.5151E-01     5.0536E+00     HB2       686

 BOND    =       85.7807  ANGLE   =      364.1681  DIHED      =     1313.9760
 VDWAALS =     -992.1713  EEL     =    -9017.9149  EGB        =    -3367.6435
 1-4 VDW =      410.7069  1-4 EEL =     7346.5419  RESTRAINT  =        0.0000


   NSTEP       ENERGY          RMS            GMAX         NAME    NUMBER
    450      -3.8684E+03     3.2967E-01     4.9534E+00     HB3       687

 BOND    =       85.7542  ANGLE   =      363.6364  DIHED      =     1310.4314
 VDWAALS =     -991.6043  EEL     =    -9027.7574  EGB        =    -3363.6241
 1-4 VDW =      409.5706  1-4 EEL =     7345.1679  RESTRAINT  =        0.0000


   NSTEP       ENERGY          RMS            GMAX         NAME    NUMBER
    500      -3.8802E+03     3.0421E-01     4.6493E+00     HB3       687

 BOND    =       85.5342  ANGLE   =      363.1254  DIHED      =     1306.4539
 VDWAALS =     -991.0486  EEL     =    -9038.0432  EGB        =    -3358.7069
 1-4 VDW =      408.6257  1-4 EEL =     7343.8647  RESTRAINT  =        0.0000


   NSTEP       ENERGY          RMS            GMAX         NAME    NUMBER
    550      -3.8944E+03     2.3146E-01     3.5897E+00     C        2254

 BOND    =       85.3440  ANGLE   =      362.4250  DIHED      =     1301.1513
 VDWAALS =     -990.6368  EEL     =    -9051.0897  EGB        =    -3351.3156
 1-4 VDW =      407.5428  1-4 EEL =     7342.2059  RESTRAINT  =        0.0000


   NSTEP       ENERGY          RMS            GMAX         NAME    NUMBER
    600      -3.9263E+03     2.0102E-01     3.6123E+00     OD2       213

 BOND    =       85.3686  ANGLE   =      361.8970  DIHED      =     1289.4689
 VDWAALS =     -990.2256  EEL     =    -9086.7049  EGB        =    -3327.0989
 1-4 VDW =      404.7026  1-4 EEL =     7336.3211  RESTRAINT  =        0.0000


   NSTEP       ENERGY          RMS            GMAX         NAME    NUMBER
    650      -3.9437E+03     4.0434E-01     1.0034E+01     OD2       213

 BOND    =       84.5942  ANGLE   =      361.5275  DIHED      =     1283.8634
 VDWAALS =     -987.9002  EEL     =    -9112.9505  EGB        =    -3311.9450
 1-4 VDW =      404.3669  1-4 EEL =     7334.7544  RESTRAINT  =        0.0000


   NSTEP       ENERGY          RMS            GMAX         NAME    NUMBER
    700      -3.9500E+03     2.2996E-01     3.0189E+00     OD2       213

 BOND    =       85.0808  ANGLE   =      361.6101  DIHED      =     1282.7460
 VDWAALS =     -987.2694  EEL     =    -9121.0072  EGB        =    -3308.4500
 1-4 VDW =      403.5927  1-4 EEL =     7333.6483  RESTRAINT  =        0.0000


   NSTEP       ENERGY          RMS            GMAX         NAME    NUMBER
    750      -3.9548E+03     2.1454E-01     2.8279E+00     CA        683

 BOND    =       84.9804  ANGLE   =      361.1408  DIHED      =     1281.3234
 VDWAALS =     -986.5559  EEL     =    -9128.8330  EGB        =    -3304.2029
 1-4 VDW =      403.4717  1-4 EEL =     7333.8675  RESTRAINT  =        0.0000


   NSTEP       ENERGY          RMS            GMAX         NAME    NUMBER
    800      -3.9591E+03     2.0908E-01     2.8928E+00     CA        683

 BOND    =       84.9338  ANGLE   =      360.9146  DIHED      =     1279.8534
 VDWAALS =     -986.3773  EEL     =    -9135.3844  EGB        =    -3299.8683
 1-4 VDW =      403.2919  1-4 EEL =     7333.5484  RESTRAINT  =        0.0000


   NSTEP       ENERGY          RMS            GMAX         NAME    NUMBER
    850      -3.9633E+03     2.0543E-01     2.9120E+00     CA        683

 BOND    =       84.8908  ANGLE   =      360.6822  DIHED      =     1278.4104
 VDWAALS =     -986.3569  EEL     =    -9141.8815  EGB        =    -3295.3517
 1-4 VDW =      403.1430  1-4 EEL =     7333.1525  RESTRAINT  =        0.0000


   NSTEP       ENERGY          RMS            GMAX         NAME    NUMBER
    900      -3.9675E+03     2.0199E-01     2.7989E+00     CA        683

 BOND    =       84.8535  ANGLE   =      360.4764  DIHED      =     1277.0149
 VDWAALS =     -986.3783  EEL     =    -9148.4107  EGB        =    -3290.7665
 1-4 VDW =      403.0177  1-4 EEL =     7332.6757  RESTRAINT  =        0.0000


   NSTEP       ENERGY          RMS            GMAX         NAME    NUMBER
    950      -3.9717E+03     1.9429E-01     2.7633E+00     CG       1143

 BOND    =       84.8208  ANGLE   =      360.2288  DIHED      =     1275.6138
 VDWAALS =     -986.4612  EEL     =    -9154.8572  EGB        =    -3286.1311
 1-4 VDW =      402.8969  1-4 EEL =     7332.1828  RESTRAINT  =        0.0000


   NSTEP       ENERGY          RMS            GMAX         NAME    NUMBER
   1000      -3.9759E+03     1.8221E-01     2.8977E+00     CG       1143

 BOND    =       84.7817  ANGLE   =      360.0409  DIHED      =     1274.1349
 VDWAALS =     -986.6642  EEL     =    -9161.2209  EGB        =    -3281.4746
 1-4 VDW =      402.7832  1-4 EEL =     7331.6713  RESTRAINT  =        0.0000


  Maximum number of minimization cycles reached.


                    FINAL RESULTS



   NSTEP       ENERGY          RMS            GMAX         NAME    NUMBER
   1000      -3.9759E+03     1.8221E-01     2.8977E+00     CG       1143

 BOND    =       84.7817  ANGLE   =      360.0409  DIHED      =     1274.1349
 VDWAALS =     -986.6642  EEL     =    -9161.2209  EGB        =    -3281.4746
 1-4 VDW =      402.7832  1-4 EEL =     7331.6713  RESTRAINT  =        0.0000

--------------------------------------------------------------------------------
   5.  TIMINGS
--------------------------------------------------------------------------------

|    Read coords time           0.03 ( 0.01% of Total)
|                Calc gb radii             35.69 (15.97% of Gen B)
|                Calc gb diag              64.96 (29.06% of Gen B)
|                Calc gb off-diag         122.90 (54.98% of Gen B)
|             Gen Born time            223.55 (100.0% of Nonbo)
|          Nonbond force            223.55 (99.55% of Force)
|          Bond/Angle/Dihedral        0.99 ( 0.44% of Force)
|          Other                      0.01 ( 0.01% of Force)
|       Force time               224.56 (100.0% of Runmd)
|    Runmd Time               224.56 (99.00% of Total)
|    Other                      2.24 ( 0.99% of Total)
| Total time               226.83 (100.0% of ALL  )

| Highest rstack allocated:          0
| Highest istack allocated:          0
|           Job began  at 13:42:43.622  on 07/13/2021
|           Setup done at 13:42:43.737  on 07/13/2021
|           Run   done at 13:46:30.451  on 07/13/2021
|     wallclock() was called   24034 times
